[0m19:27:46.134293 [debug] [MainThread]: Sending event: {'category': 'dbt', 'action': 'invocation', 'label': 'start', 'context': [<snowplow_tracker.self_describing_json.SelfDescribingJson object at 0x00000141FDE70CD0>, <snowplow_tracker.self_describing_json.SelfDescribingJson object at 0x0000014180792CA0>, <snowplow_tracker.self_describing_json.SelfDescribingJson object at 0x0000014180792A00>]}


============================== 19:27:46.140857 | 7533b3a4-d0bf-44cb-a344-9cf96fb6c8d3 ==============================
[0m19:27:46.140857 [info ] [MainThread]: Running with dbt=1.7.0
[0m19:27:46.141814 [debug] [MainThread]: running dbt with arguments {'printer_width': '80', 'indirect_selection': 'eager', 'write_json': 'True', 'log_cache_events': 'False', 'partial_parse': 'True', 'cache_selected_only': 'False', 'profiles_dir': 'C:\\Users\\savan\\.dbt', 'fail_fast': 'False', 'warn_error': 'None', 'log_path': 'logs', 'version_check': 'True', 'debug': 'False', 'use_colors': 'True', 'use_experimental_parser': 'False', 'no_print': 'None', 'quiet': 'False', 'warn_error_options': 'WarnErrorOptions(include=[], exclude=[])', 'introspect': 'True', 'static_parser': 'True', 'invocation_command': 'dbt init', 'target_path': 'None', 'log_format': 'default', 'send_anonymous_usage_stats': 'True'}
[0m19:27:52.426421 [debug] [MainThread]: Starter project path: e:\BigData\Assignment3\dbt_bde\.venv\lib\site-packages\dbt\include\starter_project
[0m19:27:52.474633 [info ] [MainThread]: 
Your new dbt project "bde" was created!

For more information on how to configure the profiles.yml file,
please consult the dbt documentation here:

  https://docs.getdbt.com/docs/configure-your-profile

One more thing:

Need help? Don't hesitate to reach out to us via GitHub issues or on Slack:

  https://community.getdbt.com/

Happy modeling!

[0m19:27:52.478631 [info ] [MainThread]: Setting up your profile.
[0m19:27:54.551649 [info ] [MainThread]: Profile bde written to C:\Users\savan\.dbt\profiles.yml using target's sample configuration. Once updated, you'll be able to start developing with dbt.
[0m19:27:54.552647 [debug] [MainThread]: Command `dbt init` succeeded at 19:27:54.552647 after 8.49 seconds
[0m19:27:54.554219 [debug] [MainThread]: Sending event: {'category': 'dbt', 'action': 'invocation', 'label': 'end', 'context': [<snowplow_tracker.self_describing_json.SelfDescribingJson object at 0x00000141FDE70CD0>, <snowplow_tracker.self_describing_json.SelfDescribingJson object at 0x00000141F9DDC9A0>, <snowplow_tracker.self_describing_json.SelfDescribingJson object at 0x00000141807A2E50>]}
[0m19:27:54.555217 [debug] [MainThread]: Flushing usage events
[0m19:34:59.491542 [debug] [MainThread]: Sending event: {'category': 'dbt', 'action': 'invocation', 'label': 'start', 'context': [<snowplow_tracker.self_describing_json.SelfDescribingJson object at 0x000002AFFBEF1B50>, <snowplow_tracker.self_describing_json.SelfDescribingJson object at 0x000002AFFE7F2F70>, <snowplow_tracker.self_describing_json.SelfDescribingJson object at 0x000002AFFE7F29A0>]}


============================== 19:34:59.499101 | 50e1a34e-abfc-452d-9223-3215facb65da ==============================
[0m19:34:59.499101 [info ] [MainThread]: Running with dbt=1.7.0
[0m19:34:59.501056 [debug] [MainThread]: running dbt with arguments {'printer_width': '80', 'indirect_selection': 'eager', 'write_json': 'True', 'log_cache_events': 'False', 'partial_parse': 'True', 'cache_selected_only': 'False', 'profiles_dir': 'C:\\Users\\savan\\.dbt', 'debug': 'False', 'warn_error': 'None', 'log_path': 'logs', 'fail_fast': 'False', 'version_check': 'True', 'use_colors': 'True', 'use_experimental_parser': 'False', 'no_print': 'None', 'quiet': 'False', 'warn_error_options': 'WarnErrorOptions(include=[], exclude=[])', 'static_parser': 'True', 'invocation_command': 'dbt debug', 'log_format': 'default', 'target_path': 'None', 'introspect': 'True', 'send_anonymous_usage_stats': 'True'}
[0m19:34:59.502054 [info ] [MainThread]: dbt version: 1.7.0
[0m19:34:59.503562 [info ] [MainThread]: python version: 3.9.11
[0m19:34:59.504623 [info ] [MainThread]: python path: e:\BigData\Assignment3\dbt_bde\.venv\Scripts\python.exe
[0m19:34:59.506090 [info ] [MainThread]: os info: Windows-10-10.0.22621-SP0
[0m19:34:59.595933 [info ] [MainThread]: Using profiles dir at C:\Users\savan\.dbt
[0m19:34:59.596933 [info ] [MainThread]: Using profiles.yml file at C:\Users\savan\.dbt\profiles.yml
[0m19:34:59.597973 [info ] [MainThread]: Using dbt_project.yml file at E:\BigData\Assignment3\dbt_bde\dbt_project.yml
[0m19:34:59.599927 [info ] [MainThread]: Configuration:
[0m19:34:59.600922 [info ] [MainThread]:   profiles.yml file [[31mERROR invalid[0m]
[0m19:34:59.600922 [info ] [MainThread]:   dbt_project.yml file [[31mERROR not found[0m]
[0m19:34:59.602281 [info ] [MainThread]: Required dependencies:
[0m19:34:59.603788 [debug] [MainThread]: Executing "git --help"
[0m19:34:59.927166 [debug] [MainThread]: STDOUT: "b"usage: git [-v | --version] [-h | --help] [-C <path>] [-c <name>=<value>]\n           [--exec-path[=<path>]] [--html-path] [--man-path] [--info-path]\n           [-p | --paginate | -P | --no-pager] [--no-replace-objects] [--bare]\n           [--git-dir=<path>] [--work-tree=<path>] [--namespace=<name>]\n           [--config-env=<name>=<envvar>] <command> [<args>]\n\nThese are common Git commands used in various situations:\n\nstart a working area (see also: git help tutorial)\n   clone     Clone a repository into a new directory\n   init      Create an empty Git repository or reinitialize an existing one\n\nwork on the current change (see also: git help everyday)\n   add       Add file contents to the index\n   mv        Move or rename a file, a directory, or a symlink\n   restore   Restore working tree files\n   rm        Remove files from the working tree and from the index\n\nexamine the history and state (see also: git help revisions)\n   bisect    Use binary search to find the commit that introduced a bug\n   diff      Show changes between commits, commit and working tree, etc\n   grep      Print lines matching a pattern\n   log       Show commit logs\n   show      Show various types of objects\n   status    Show the working tree status\n\ngrow, mark and tweak your common history\n   branch    List, create, or delete branches\n   commit    Record changes to the repository\n   merge     Join two or more development histories together\n   rebase    Reapply commits on top of another base tip\n   reset     Reset current HEAD to the specified state\n   switch    Switch branches\n   tag       Create, list, delete or verify a tag object signed with GPG\n\ncollaborate (see also: git help workflows)\n   fetch     Download objects and refs from another repository\n   pull      Fetch from and integrate with another repository or a local branch\n   push      Update remote refs along with associated objects\n\n'git help -a' and 'git help -g' list available subcommands and some\nconcept guides. See 'git help <command>' or 'git help <concept>'\nto read about a specific subcommand or concept.\nSee 'git help git' for an overview of the system.\n""
[0m19:34:59.928164 [debug] [MainThread]: STDERR: "b''"
[0m19:34:59.929162 [info ] [MainThread]:  - git [[32mOK found[0m]

[0m19:34:59.930160 [info ] [MainThread]: Connection test skipped since no profile was found
[0m19:34:59.931157 [info ] [MainThread]: [31m2 checks failed:[0m
[0m19:34:59.932156 [info ] [MainThread]: Could not load dbt_project.yml
Profile loading failed for the following reason:
Runtime Error
  Credentials in profile "bde", target "dev" invalid: 393 is not of type 'string'


[0m19:34:59.933747 [info ] [MainThread]: Project loading failed for the following reason:
 project path <E:\BigData\Assignment3\dbt_bde\dbt_project.yml> not found

[0m19:34:59.935747 [debug] [MainThread]: Command `dbt debug` failed at 19:34:59.934747 after 0.59 seconds
[0m19:34:59.935747 [debug] [MainThread]: Sending event: {'category': 'dbt', 'action': 'invocation', 'label': 'end', 'context': [<snowplow_tracker.self_describing_json.SelfDescribingJson object at 0x000002AFFBEF1B50>, <snowplow_tracker.self_describing_json.SelfDescribingJson object at 0x000002AFFB6E3E50>, <snowplow_tracker.self_describing_json.SelfDescribingJson object at 0x000002AFFE7F2F10>]}
[0m19:34:59.936749 [debug] [MainThread]: Flushing usage events
